<?xml version="1.0" encoding="UTF-8"?>
<!-- Generated by org.testng.reporters.JUnitXMLReporter -->
<testsuite ignored="0" hostname="LAPTOP-LD9CHP5P" failures="0" tests="13" name="Test" time="51.42" errors="0" timestamp="2025-09-08T09:03:20 IST">
  <testcase classname="tests.LoginTest" name="verifyLogin" time="3.587"/>
  <testcase classname="tests.LoginTest" name="verifySortLowestToHighest" time="2.348"/>
  <testcase classname="tests.LoginTest" name="verifySortHighestToLowest" time="2.271"/>
  <testcase classname="tests.LoginTest" name="verifyInvalidSortValue" time="10.112"/>
  <testcase classname="tests.LoginTest" name="verifySortDropdownVisible" time="0.045"/>
  <testcase classname="tests.LoginTest" name="verifyAddGalaxyS20AndIncreaseQuantity" time="5.407"/>
  <testcase classname="tests.LoginTest" name="verifyCloseCartAndOrdersVisible" time="1.171"/>
  <testcase classname="tests.LoginTest" name="verifyAddGalaxyS20Ultra" time="3.187"/>
  <testcase classname="tests.LoginTest" name="verifyCheckoutPageVisible" time="2.181"/>
  <testcase classname="tests.LoginTest" name="verifyAddressEntryAndOrderPlacement" time="3.078"/>
  <testcase classname="tests.LoginTest" name="verifyReceiptDownloadAndContinueShopping" time="2.414"/>
  <testcase classname="tests.LoginTest" name="verifyOrderExistsInOrdersMenu" time="2.222"/>
  <testcase classname="tests.LoginTest" name="verifyLogoutFunctionality" time="1.23"/>
</testsuite> <!-- Test -->
