<?xml version="1.0" encoding="UTF-8"?>
<!-- Generated by org.testng.reporters.JUnitXMLReporter -->
<testsuite ignored="0" hostname="LAPTOP-LD9CHP5P" failures="0" tests="13" name="Default test" time="47.538" errors="0" timestamp="2025-09-08T03:25:20 IST">
  <testcase classname="tests.AppTest" name="verifyLogin" time="3.831"/>
  <testcase classname="tests.AppTest" name="verifySortLowestToHighest" time="2.223"/>
  <testcase classname="tests.AppTest" name="verifySortHighestToLowest" time="2.176"/>
  <testcase classname="tests.AppTest" name="verifyInvalidSortValue" time="10.064"/>
  <testcase classname="tests.AppTest" name="verifySortDropdownVisible" time="0.025"/>
  <testcase classname="tests.AppTest" name="verifyAddGalaxyS20AndIncreaseQuantity" time="5.271"/>
  <testcase classname="tests.AppTest" name="verifyCloseCartAndOrdersVisible" time="1.121"/>
  <testcase classname="tests.AppTest" name="verifyAddGalaxyS20Ultra" time="3.138"/>
  <testcase classname="tests.AppTest" name="verifyCheckoutPageVisible" time="2.133"/>
  <testcase classname="tests.AppTest" name="verifyAddressEntryAndOrderPlacement" time="2.707"/>
  <testcase classname="tests.AppTest" name="verifyReceiptDownloadAndContinueShopping" time="2.259"/>
  <testcase classname="tests.AppTest" name="verifyOrderExistsInOrdersMenu" time="2.114"/>
  <testcase classname="tests.AppTest" name="verifyLogoutFunctionality" time="1.122"/>
</testsuite> <!-- Default test -->
